app/build/intermediates/manifest_merge_blame_file/debug/manifest-merger-blame-debug-report.txt
1<?xml version="1.0" encoding="utf-8"?>
2<manifest xmlns:android="http://schemas.android.com/apk/res/android"
3    package="com.example.animevideomaker.debug"
4    android:versionCode="1"
5    android:versionName="1.0" >
6
7    <uses-sdk
7-->src/main/AndroidManifest.xml:8:5-10:41
8        android:minSdkVersion="21"
8-->src/main/AndroidManifest.xml:9:9-35
9        android:targetSdkVersion="34" />
9-->src/main/AndroidManifest.xml:10:9-38
10
11    <uses-permission
11-->src/main/AndroidManifest.xml:12:5-13:38
12        android:name="android.permission.READ_EXTERNAL_STORAGE"
12-->src/main/AndroidManifest.xml:12:22-77
13        android:maxSdkVersion="32" />
13-->src/main/AndroidManifest.xml:13:9-35
14    <uses-permission
14-->src/main/AndroidManifest.xml:14:5-15:38
15        android:name="android.permission.WRITE_EXTERNAL_STORAGE"
15-->src/main/AndroidManifest.xml:14:22-78
16        android:maxSdkVersion="32" />
16-->src/main/AndroidManifest.xml:15:9-35
17    <uses-permission android:name="android.permission.INTERNET" />
17-->src/main/AndroidManifest.xml:16:5-67
17-->src/main/AndroidManifest.xml:16:22-64
18
19    <permission
19-->[androidx.core:core:1.13.1] AndroidManifest.xml:22:5-24:47
20        android:name="com.example.animevideomaker.debug.DYNAMIC_RECEIVER_NOT_EXPORTED_PERMISSION"
20-->[androidx.core:core:1.13.1] AndroidManifest.xml:23:9-81
21        android:protectionLevel="signature" />
21-->[androidx.core:core:1.13.1] AndroidManifest.xml:24:9-44
22
23    <uses-permission android:name="com.example.animevideomaker.debug.DYNAMIC_RECEIVER_NOT_EXPORTED_PERMISSION" />
23-->[androidx.core:core:1.13.1] AndroidManifest.xml:26:5-97
23-->[androidx.core:core:1.13.1] AndroidManifest.xml:26:22-94
24
25    <application
25-->src/main/AndroidManifest.xml:18:5-39:19
26        android:allowBackup="true"
26-->src/main/AndroidManifest.xml:19:9-35
27        android:appComponentFactory="androidx.core.app.CoreComponentFactory"
27-->[androidx.core:core:1.13.1] AndroidManifest.xml:28:18-86
28        android:dataExtractionRules="@xml/data_extraction_rules"
28-->src/main/AndroidManifest.xml:20:9-65
29        android:debuggable="true"
30        android:fullBackupContent="@xml/backup_rules"
30-->src/main/AndroidManifest.xml:21:9-54
31        android:icon="@mipmap/ic_launcher"
31-->src/main/AndroidManifest.xml:22:9-43
32        android:label="@string/app_name"
32-->src/main/AndroidManifest.xml:23:9-41
33        android:roundIcon="@mipmap/ic_launcher_round"
33-->src/main/AndroidManifest.xml:24:9-54
34        android:supportsRtl="true"
34-->src/main/AndroidManifest.xml:25:9-35
35        android:theme="@style/Theme.AnimeVideoMaker" >
35-->src/main/AndroidManifest.xml:26:9-53
36        <activity
36-->src/main/AndroidManifest.xml:29:9-38:20
37            android:name="com.example.animevideomaker.MainActivity"
37-->src/main/AndroidManifest.xml:30:13-41
38            android:exported="true"
38-->src/main/AndroidManifest.xml:31:13-36
39            android:theme="@style/Theme.AnimeVideoMaker.NoActionBar" >
39-->src/main/AndroidManifest.xml:32:13-69
40            <intent-filter>
40-->src/main/AndroidManifest.xml:34:13-37:29
41                <action android:name="android.intent.action.MAIN" />
41-->src/main/AndroidManifest.xml:35:17-69
41-->src/main/AndroidManifest.xml:35:25-66
42
43                <category android:name="android.intent.category.LAUNCHER" />
43-->src/main/AndroidManifest.xml:36:17-77
43-->src/main/AndroidManifest.xml:36:27-74
44            </intent-filter>
45        </activity>
46
47        <provider
47-->[androidx.emoji2:emoji2:1.3.0] AndroidManifest.xml:24:9-32:20
48            android:name="androidx.startup.InitializationProvider"
48-->[androidx.emoji2:emoji2:1.3.0] AndroidManifest.xml:25:13-67
49            android:authorities="com.example.animevideomaker.debug.androidx-startup"
49-->[androidx.emoji2:emoji2:1.3.0] AndroidManifest.xml:26:13-68
50            android:exported="false" >
50-->[androidx.emoji2:emoji2:1.3.0] AndroidManifest.xml:27:13-37
51            <meta-data
51-->[androidx.emoji2:emoji2:1.3.0] AndroidManifest.xml:29:13-31:52
52                android:name="androidx.emoji2.text.EmojiCompatInitializer"
52-->[androidx.emoji2:emoji2:1.3.0] AndroidManifest.xml:30:17-75
53                android:value="androidx.startup" />
53-->[androidx.emoji2:emoji2:1.3.0] AndroidManifest.xml:31:17-49
54            <meta-data
54-->[androidx.lifecycle:lifecycle-process:2.6.2] AndroidManifest.xml:29:13-31:52
55                android:name="androidx.lifecycle.ProcessLifecycleInitializer"
55-->[androidx.lifecycle:lifecycle-process:2.6.2] AndroidManifest.xml:30:17-78
56                android:value="androidx.startup" />
56-->[androidx.lifecycle:lifecycle-process:2.6.2] AndroidManifest.xml:31:17-49
57            <meta-data
57-->[androidx.profileinstaller:profileinstaller:1.3.1] AndroidManifest.xml:29:13-31:52
58                android:name="androidx.profileinstaller.ProfileInstallerInitializer"
58-->[androidx.profileinstaller:profileinstaller:1.3.1] AndroidManifest.xml:30:17-85
59                android:value="androidx.startup" />
59-->[androidx.profileinstaller:profileinstaller:1.3.1] AndroidManifest.xml:31:17-49
60        </provider>
61
62        <receiver
62-->[androidx.profileinstaller:profileinstaller:1.3.1] AndroidManifest.xml:34:9-52:20
63            android:name="androidx.profileinstaller.ProfileInstallReceiver"
63-->[androidx.profileinstaller:profileinstaller:1.3.1] AndroidManifest.xml:35:13-76
64            android:directBootAware="false"
64-->[androidx.profileinstaller:profileinstaller:1.3.1] AndroidManifest.xml:36:13-44
65            android:enabled="true"
65-->[androidx.profileinstaller:profileinstaller:1.3.1] AndroidManifest.xml:37:13-35
66            android:exported="true"
66-->[androidx.profileinstaller:profileinstaller:1.3.1] AndroidManifest.xml:38:13-36
67            android:permission="android.permission.DUMP" >
67-->[androidx.profileinstaller:profileinstaller:1.3.1] AndroidManifest.xml:39:13-57
68            <intent-filter>
68-->[androidx.profileinstaller:profileinstaller:1.3.1] AndroidManifest.xml:40:13-42:29
69                <action android:name="androidx.profileinstaller.action.INSTALL_PROFILE" />
69-->[androidx.profileinstaller:profileinstaller:1.3.1] AndroidManifest.xml:41:17-91
69-->[androidx.profileinstaller:profileinstaller:1.3.1] AndroidManifest.xml:41:25-88
70            </intent-filter>
71            <intent-filter>
71-->[androidx.profileinstaller:profileinstaller:1.3.1] AndroidManifest.xml:43:13-45:29
72                <action android:name="androidx.profileinstaller.action.SKIP_FILE" />
72-->[androidx.profileinstaller:profileinstaller:1.3.1] AndroidManifest.xml:44:17-85
72-->[androidx.profileinstaller:profileinstaller:1.3.1] AndroidManifest.xml:44:25-82
73            </intent-filter>
74            <intent-filter>
74-->[androidx.profileinstaller:profileinstaller:1.3.1] AndroidManifest.xml:46:13-48:29
75                <action android:name="androidx.profileinstaller.action.SAVE_PROFILE" />
75-->[androidx.profileinstaller:profileinstaller:1.3.1] AndroidManifest.xml:47:17-88
75-->[androidx.profileinstaller:profileinstaller:1.3.1] AndroidManifest.xml:47:25-85
76            </intent-filter>
77            <intent-filter>
77-->[androidx.profileinstaller:profileinstaller:1.3.1] AndroidManifest.xml:49:13-51:29
78                <action android:name="androidx.profileinstaller.action.BENCHMARK_OPERATION" />
78-->[androidx.profileinstaller:profileinstaller:1.3.1] AndroidManifest.xml:50:17-95
78-->[androidx.profileinstaller:profileinstaller:1.3.1] AndroidManifest.xml:50:25-92
79            </intent-filter>
80        </receiver>
81    </application>
82
83</manifest>